#
# A fatal error has been detected by the Java Runtime Environment:
#
#  SIGSEGV (0xb) at pc=0x0000000108bf8430, pid=4646, tid=14087
#
# JRE version: Java(TM) SE Runtime Environment (11.0.1+13) (build 11.0.1+13-LTS)
# Java VM: Java HotSpot(TM) 64-Bit Server VM (11.0.1+13-LTS, mixed mode, tiered, compressed oops, g1 gc, bsd-amd64)
# Problematic frame:
# C  [libjimage.dylib+0x2430]  ImageFileReader::find_location_index(char const*, unsigned long long*) const+0x2c
#
# No core dump will be written. Core dumps have been disabled. To enable core dumping, try "ulimit -c unlimited" before starting Java again
#
# If you would like to submit a bug report, please visit:
#   http://bugreport.java.com/bugreport/crash.jsp
#

---------------  S U M M A R Y ------------

Command Line: -agentlib:jdwp=transport=dt_socket,suspend=y,address=localhost:52823 -javaagent:/Users/eric/eclipse/java-2018-12/Eclipse.app/Contents/Eclipse/configuration/org.eclipse.osgi/215/0/.cp/lib/javaagent-shaded.jar -Dfile.encoding=UTF-8 --module-path=/Users/eric/eclipse-workspace/Space Game/bin -Djdk.module.main=spacegame spacegame/com.game.src.main.Game

Host: MacBookPro11,3 x86_64 2300 MHz, 8 cores, 16G, Darwin 17.5.0
Time: Mon Dec 24 22:16:33 2018 PST elapsed time: 90 seconds (0d 0h 1m 30s)

---------------  T H R E A D  ---------------

Current thread (0x00007fe3a90a4800):  JavaThread "Signal Dispatcher" daemon [_thread_in_vm, id=14087, stack(0x00007000062da000,0x00007000063da000)]

Stack: [0x00007000062da000,0x00007000063da000],  sp=0x00007000063d82b0,  free space=1016k
Native frames: (J=compiled Java code, A=aot compiled Java code, j=interpreted, Vv=VM code, C=native code)
C  [libjimage.dylib+0x2430]  ImageFileReader::find_location_index(char const*, unsigned long long*) const+0x2c
C  [libjimage.dylib+0x2784]  JIMAGE_FindResource+0xcf
